dY?-‹,?  Building Docker image...
#0 building with "desktop-linux" instance using docker driver

#1 [internal] load build definition from Dockerfile
#1 transferring dockerfile: 982B 0.0s done
#1 DONE 0.0s

#2 [internal] load metadata for docker.io/library/node:18-alpine
#2 ...

#3 [auth] library/node:pull token for registry-1.docker.io
#3 DONE 0.0s

#2 [internal] load metadata for docker.io/library/node:18-alpine
#2 DONE 0.4s

#4 [internal] load .dockerignore
#4 transferring context: 264B done
#4 DONE 0.0s

#5 [base 1/1] FROM docker.io/library/node:18-alpine@sha256:8d6421d663b4c28fd3ebc498332f249011d118945588d0a35cb9bc4b8ca09d9e
#5 resolve docker.io/library/node:18-alpine@sha256:8d6421d663b4c28fd3ebc498332f249011d118945588d0a35cb9bc4b8ca09d9e 0.0s done
#5 CACHED

#6 [builder 1/5] WORKDIR /app
#6 CACHED

#7 [internal] load build context
#7 transferring context: 72.68kB 0.0s done
#7 DONE 0.1s

#8 [deps 1/4] RUN apk add --no-cache libc6-compat
#8 0.353 fetch https://dl-cdn.alpinelinux.org/alpine/v3.21/main/x86_64/APKINDEX.tar.gz
#8 0.518 fetch https://dl-cdn.alpinelinux.org/alpine/v3.21/community/x86_64/APKINDEX.tar.gz
#8 0.789 (1/3) Installing musl-obstack (1.2.3-r2)
#8 0.809 (2/3) Installing libucontext (1.3.2-r0)
#8 0.835 (3/3) Installing gcompat (1.1.0-r4)
#8 0.850 OK: 10 MiB in 20 packages
#8 DONE 0.9s

#9 [deps 2/4] WORKDIR /app
#9 DONE 0.1s

#10 [deps 3/4] COPY package.json package-lock.json* ./
#10 DONE 0.0s

#11 [runner 2/7] RUN apk add --no-cache curl
#11 0.352 fetch https://dl-cdn.alpinelinux.org/alpine/v3.21/main/x86_64/APKINDEX.tar.gz
#11 0.518 fetch https://dl-cdn.alpinelinux.org/alpine/v3.21/community/x86_64/APKINDEX.tar.gz
#11 0.796 (1/9) Installing brotli-libs (1.1.0-r2)
#11 0.835 (2/9) Installing c-ares (1.34.5-r0)
#11 0.865 (3/9) Installing libunistring (1.2-r0)
#11 0.917 (4/9) Installing libidn2 (2.3.7-r0)
#11 0.941 (5/9) Installing nghttp2-libs (1.64.0-r0)
#11 0.961 (6/9) Installing libpsl (0.21.5-r3)
#11 0.999 (7/9) Installing zstd-libs (1.5.6-r2)
#11 1.046 (8/9) Installing libcurl (8.14.1-r2)
#11 1.109 (9/9) Installing curl (8.14.1-r2)
#11 1.137 Executing busybox-1.37.0-r12.trigger
#11 1.153 OK: 14 MiB in 26 packages
#11 DONE 1.2s

#12 [runner 3/7] RUN addgroup --system --gid 1001 nodejs
#12 DONE 0.2s

#13 [deps 4/4] RUN npm ci
#13 ...

#14 [runner 4/7] RUN adduser --system --uid 1001 nextjs
#14 DONE 0.2s

#13 [deps 4/4] RUN npm ci
#13 1.437 npm warn EBADENGINE Unsupported engine {
#13 1.437 npm warn EBADENGINE   package: '@isaacs/balanced-match@4.0.1',
#13 1.437 npm warn EBADENGINE   required: { node: '20 || >=22' },
#13 1.437 npm warn EBADENGINE   current: { node: 'v18.20.8', npm: '10.8.2' }
#13 1.437 npm warn EBADENGINE }
#13 1.437 npm warn EBADENGINE Unsupported engine {
#13 1.437 npm warn EBADENGINE   package: '@isaacs/brace-expansion@5.0.0',
#13 1.437 npm warn EBADENGINE   required: { node: '20 || >=22' },
#13 1.437 npm warn EBADENGINE   current: { node: 'v18.20.8', npm: '10.8.2' }
#13 1.437 npm warn EBADENGINE }
#13 1.438 npm warn EBADENGINE Unsupported engine {
#13 1.438 npm warn EBADENGINE   package: 'minimatch@10.0.3',
#13 1.438 npm warn EBADENGINE   required: { node: '20 || >=22' },
#13 1.438 npm warn EBADENGINE   current: { node: 'v18.20.8', npm: '10.8.2' }
#13 1.438 npm warn EBADENGINE }
#13 1.441 npm warn EBADENGINE Unsupported engine {
#13 1.441 npm warn EBADENGINE   package: 'commander@14.0.1',
#13 1.441 npm warn EBADENGINE   required: { node: '>=20' },
#13 1.441 npm warn EBADENGINE   current: { node: 'v18.20.8', npm: '10.8.2' }
#13 1.441 npm warn EBADENGINE }
#13 6.161 npm warn deprecated node-domexception@1.0.0: Use your platform's native DOMException instead
#13 27.46 
#13 27.46 added 1004 packages, and audited 1005 packages in 27s
#13 27.46 
#13 27.46 231 packages are looking for funding
#13 27.46   run `npm fund` for details
#13 27.47 
#13 27.47 2 moderate severity vulnerabilities
#13 27.47 
#13 27.47 To address all issues, run:
#13 27.47   npm audit fix
#13 27.47 
#13 27.47 Run `npm audit` for details.
#13 27.47 npm notice
#13 27.47 npm notice New major version of npm available! 10.8.2 -> 11.6.2
#13 27.47 npm notice Changelog: https://github.com/npm/cli/releases/tag/v11.6.2
#13 27.47 npm notice To update run: npm install -g npm@11.6.2
#13 27.47 npm notice
#13 DONE 28.3s

#15 [builder 2/5] COPY --from=deps /app/node_modules ./node_modules
#15 DONE 5.1s

#16 [builder 3/5] COPY . .
#16 DONE 0.3s

#17 [builder 4/5] RUN npx prisma generate
#17 1.350 Prisma schema loaded from prisma/schema.prisma
#17 2.049 
#17 2.049 âœ” Generated Prisma Client (v6.16.1) to ./node_modules/@prisma/client in 79ms
#17 2.049 
#17 2.049 Start by importing your Prisma Client (See: https://pris.ly/d/importing-client)
#17 2.049 
#17 2.049 Tip: Need your database queries to be 1000x faster? Accelerate offers you that and more: https://pris.ly/tip-2-accelerate
#17 2.049 
#17 2.065 npm notice
#17 2.065 npm notice New major version of npm available! 10.8.2 -> 11.6.2
#17 2.065 npm notice Changelog: https://github.com/npm/cli/releases/tag/v11.6.2
#17 2.065 npm notice To update run: npm install -g npm@11.6.2
#17 2.065 npm notice
#17 DONE 2.1s

#18 [builder 5/5] RUN npm run build
#18 0.297 
#18 0.297 > spot-buddy@0.1.0 build
#18 0.297 > next build
#18 0.297 
#18 0.880 Attention: Next.js now collects completely anonymous telemetry regarding usage.
#18 0.880 This information is used to shape Next.js' roadmap and prioritize features.
#18 0.880 You can learn more, including how to opt-out if you'd not like to participate in this anonymous program, by visiting the following URL:
#18 0.880 https://nextjs.org/telemetry
#18 0.880 
#18 0.920    â–² Next.js 15.5.1
#18 0.920    - Environments: .env.local
#18 0.920    - Experiments (use with caution):
#18 0.920      Â· optimizePackageImports
#18 0.920 
#18 1.002    Creating an optimized production build ...
#18 22.26 <w> [webpack.cache.PackFileCacheStrategy] Skipped not serializable cache item 'Compilation/modules|/app/node_modules/next/dist/build/webpack/loaders/css-loader/src/index.js??ruleSet[1].rules[14].oneOf[10].use[2]!/app/node_modules/next/dist/build/webpack/loaders/postcss-loader/src/index.js??ruleSet[1].rules[14].oneOf[10].use[3]!/app/src/app/globals.css': No serializer registered for PostCSSSyntaxError
#18 22.26 <w> while serializing webpack/lib/cache/PackFileCacheStrategy.PackContentItems -> webpack/lib/NormalModule -> webpack/lib/ModuleBuildError -> PostCSSSyntaxError
#18 22.98 Failed to compile.
#18 22.98 
#18 22.98 ./src/app/globals.css:170:3
#18 22.98 Syntax error: /app/src/app/globals.css The `overflow-wrap-anywhere` class does not exist. If `overflow-wrap-anywhere` is a custom class, make sure it is defined within a `@layer` directive.
#18 22.98 
#18 22.98   168 | /* Prevent text overflow */
#18 22.98   169 | .text-overflow-safe {
#18 22.98 > 170 |   @apply break-words overflow-wrap-anywhere;
#18 22.98       |   ^
#18 22.98   171 | }
#18 22.98   172 |
#18 22.98 
#18 22.98 ./src/app/globals.css
#18 22.98 Syntax error: /app/src/app/globals.css The `overflow-wrap-anywhere` class does not exist. If `overflow-wrap-anywhere` is a custom class, make sure it is defined within a `@layer` directive. (170:3)
#18 22.98 
#18 22.98   168 | /* Prevent text overflow */
#18 22.98   169 | .text-overflow-safe {
#18 22.98 > 170 |   @apply break-words overflow-wrap-anywhere;
#18 22.98       |   ^
#18 22.98   171 | }
#18 22.98   172 | 
#18 22.98 
#18 22.98     at tryRunOrWebpackError (/app/node_modules/next/dist/compiled/webpack/bundle5.js:29:316119)
#18 22.98     at __webpack_require_module__ (/app/node_modules/next/dist/compiled/webpack/bundle5.js:29:131532)
#18 22.98     at __nested_webpack_require_161494__ (/app/node_modules/next/dist/compiled/webpack/bundle5.js:29:130967)
#18 22.98     at /app/node_modules/next/dist/compiled/webpack/bundle5.js:29:131824
#18 22.98     at symbolIterator (/app/node_modules/next/dist/compiled/neo-async/async.js:1:14444)
#18 22.98     at done (/app/node_modules/next/dist/compiled/neo-async/async.js:1:14824)
#18 22.98     at Hook.eval [as callAsync] (eval at create (/app/node_modules/next/dist/compiled/webpack/bundle5.js:14:9224), <anonymous>:15:1)
#18 22.98     at Hook.CALL_ASYNC_DELEGATE [as _callAsync] (/app/node_modules/next/dist/compiled/webpack/bundle5.js:14:6378)
#18 22.98     at /app/node_modules/next/dist/compiled/webpack/bundle5.js:29:130687
#18 22.98     at symbolIterator (/app/node_modules/next/dist/compiled/neo-async/async.js:1:14402)
#18 22.98 -- inner error --
#18 22.98 Syntax error: /app/src/app/globals.css The `overflow-wrap-anywhere` class does not exist. If `overflow-wrap-anywhere` is a custom class, make sure it is defined within a `@layer` directive. (170:3)
#18 22.98 
#18 22.98   168 | /* Prevent text overflow */
#18 22.98   169 | .text-overflow-safe {
#18 22.98 > 170 |   @apply break-words overflow-wrap-anywhere;
#18 22.98       |   ^
#18 22.98   171 | }
#18 22.98   172 | 
#18 22.98 
#18 22.98     at Object.<anonymous> (/app/node_modules/next/dist/build/webpack/loaders/css-loader/src/index.js??ruleSet[1].rules[14].oneOf[10].use[2]!/app/node_modules/next/dist/build/webpack/loaders/postcss-loader/src/index.js??ruleSet[1].rules[14].oneOf[10].use[3]!/app/src/app/globals.css:1:7)
#18 22.98     at /app/node_modules/next/dist/compiled/webpack/bundle5.js:29:962717
#18 22.98     at Hook.eval [as call] (eval at create (/app/node_modules/next/dist/compiled/webpack/bundle5.js:14:9002), <anonymous>:7:1)
#18 22.98     at Hook.CALL_DELEGATE [as _call] (/app/node_modules/next/dist/compiled/webpack/bundle5.js:14:6272)
#18 22.98     at /app/node_modules/next/dist/compiled/webpack/bundle5.js:29:131565
#18 22.98     at tryRunOrWebpackError (/app/node_modules/next/dist/compiled/webpack/bundle5.js:29:316073)
#18 22.98     at __webpack_require_module__ (/app/node_modules/next/dist/compiled/webpack/bundle5.js:29:131532)
#18 22.98     at __nested_webpack_require_161494__ (/app/node_modules/next/dist/compiled/webpack/bundle5.js:29:130967)
#18 22.98     at /app/node_modules/next/dist/compiled/webpack/bundle5.js:29:131824
#18 22.98     at symbolIterator (/app/node_modules/next/dist/compiled/neo-async/async.js:1:14444)
#18 22.98 
#18 22.98 Generated code for /app/node_modules/next/dist/build/webpack/loaders/css-loader/src/index.js??ruleSet[1].rules[14].oneOf[10].use[2]!/app/node_modules/next/dist/build/webpack/loaders/postcss-loader/src/index.js??ruleSet[1].rules[14].oneOf[10].use[3]!/app/src/app/globals.css
#18 22.98 
#18 22.98 Import trace for requested module:
#18 22.98 ./src/app/globals.css
#18 22.98 
#18 22.99 
#18 22.99 > Build failed because of webpack errors
#18 ERROR: process "/bin/sh -c npm run build" did not complete successfully: exit code: 1
------
 > [builder 5/5] RUN npm run build:
22.98     at /app/node_modules/next/dist/compiled/webpack/bundle5.js:29:131824
22.98     at symbolIterator (/app/node_modules/next/dist/compiled/neo-async/async.js:1:14444)
22.98 
22.98 Generated code for /app/node_modules/next/dist/build/webpack/loaders/css-loader/src/index.js??ruleSet[1].rules[14].oneOf[10].use[2]!/app/node_modules/next/dist/build/webpack/loaders/postcss-loader/src/index.js??ruleSet[1].rules[14].oneOf[10].use[3]!/app/src/app/globals.css
22.98 
22.98 Import trace for requested module:
22.98 ./src/app/globals.css
22.98 
22.99 
22.99 > Build failed because of webpack errors
------

 [33m3 warnings found (use docker --debug to expand):
[0m - LegacyKeyValueFormat: "ENV key=value" should be used instead of legacy "ENV key value" format (line 29)
 - LegacyKeyValueFormat: "ENV key=value" should be used instead of legacy "ENV key value" format (line 44)
 - LegacyKeyValueFormat: "ENV key=value" should be used instead of legacy "ENV key value" format (line 45)
Dockerfile:23
--------------------
  21 |     
  22 |     # Build the application
  23 | >>> RUN npm run build
  24 |     
  25 |     # Production image, copy all the files and run next
--------------------
ERROR: failed to build: failed to solve: process "/bin/sh -c npm run build" did not complete successfully: exit code: 1

View build details: docker-desktop://dashboard/build/desktop-linux/desktop-linux/yr5xjcxssuhq42uvi5d39t9ko
